<?xml version="1.0" encoding="UTF-8"?>
<!-- Generated by org.testng.reporters.JUnitReportReporter -->
<testsuite skipped="0" hostname="Balaji-PC" name="com.employee.GetEmpList" tests="1" failures="0" timestamp="14 Aug 2020 07:47:44 GMT" time="4.357" errors="0">
  <testcase name="getList" time="4.357" classname="com.employee.GetEmpList"/>
</testsuite> <!-- com.employee.GetEmpList -->
