<?xml version="1.0" encoding="UTF-8"?>
<!-- Generated by org.testng.reporters.JUnitReportReporter -->
<testsuite skipped="0" hostname="Balaji-PC" name="com.practice.postBDD" tests="2" failures="0" timestamp="24 Feb 2020 08:33:42 GMT" time="4.567" errors="0">
  <testcase name="postData" time="3.557" classname="com.practice.postBDD"/>
  <testcase name="getData" time="1.010" classname="com.practice.postBDD"/>
</testsuite> <!-- com.practice.postBDD -->
