<?xml version="1.0" encoding="UTF-8"?>
<!-- Generated by org.testng.reporters.JUnitReportReporter -->
<testsuite skipped="0" hostname="Balaji-PC" name="com.practice.StudentAPITestWithSerialization" tests="3" failures="0" timestamp="1 Mar 2020 15:51:17 GMT" time="4.477" errors="0">
  <testcase name="getStudentRecordDeSerilization" time="0.148" classname="com.practice.StudentAPITestWithSerialization"/>
  <testcase name="createNewStudentSerialization" time="4.185" classname="com.practice.StudentAPITestWithSerialization"/>
  <testcase name="getStudentListDeSerilization" time="0.144" classname="com.practice.StudentAPITestWithSerialization"/>
</testsuite> <!-- com.practice.StudentAPITestWithSerialization -->
